<?xml version="1.0" encoding="UTF-8"?>
<!-- Generated by org.testng.reporters.JUnitXMLReporter -->
<testsuite ignored="0" hostname="LAPTOP-MRHGK113" failures="0" tests="8" name="Default test" time="6.858" errors="0" timestamp="2024-04-29T09:00:30 IST">
  <testcase classname="testpkg.Saucedemologintest" name="verifylogin" time="2.59"/>
  <testcase classname="testpkg.Saucedemologintest" name="viewcart" time="0.075"/>
  <testcase classname="testpkg.Saucedemologintest" name="checkout" time="0.068"/>
  <testcase classname="testpkg.Saucedemologintest" name="info" time="0.272"/>
  <testcase classname="testpkg.Saucedemologintest" name="fini" time="0.052"/>
  <testcase classname="testpkg.Saucedemologintest" name="backhome" time="0.055"/>
  <testcase classname="testpkg.Saucedemologintest" name="burger" time="0.063"/>
  <testcase classname="testpkg.Saucedemologintest" name="logout" time="0.072"/>
</testsuite> <!-- Default test -->
