<?xml version="1.0" encoding="UTF-8"?>
<testng-results ignored="0" total="8" passed="8" failed="0" skipped="0">
  <reporter-output>
  </reporter-output>
  <suite started-at="2024-04-29T09:00:23 IST" name="Default suite" finished-at="2024-04-29T09:00:30 IST" duration-ms="6858">
    <groups>
    </groups>
    <test started-at="2024-04-29T09:00:23 IST" name="Default test" finished-at="2024-04-29T09:00:30 IST" duration-ms="6858">
      <class name="testpkg.Saucedemologintest">
        <test-method is-config="true" signature="setup()[pri:0, instance:testpkg.Saucedemologintest@46cdf8bd]" started-at="2024-04-29T09:00:23 IST" name="setup" finished-at="2024-04-29T09:00:27 IST" duration-ms="3562" status="PASS">
          <reporter-output>
          </reporter-output>
        </test-method> <!-- setup -->
        <test-method signature="verifylogin()[pri:1, instance:testpkg.Saucedemologintest@46cdf8bd]" started-at="2024-04-29T09:00:27 IST" name="verifylogin" finished-at="2024-04-29T09:00:29 IST" duration-ms="2590" status="PASS">
          <reporter-output>
          </reporter-output>
        </test-method> <!-- verifylogin -->
        <test-method signature="viewcart()[pri:2, instance:testpkg.Saucedemologintest@46cdf8bd]" started-at="2024-04-29T09:00:29 IST" name="viewcart" finished-at="2024-04-29T09:00:29 IST" duration-ms="75" status="PASS">
          <reporter-output>
          </reporter-output>
        </test-method> <!-- viewcart -->
        <test-method signature="checkout()[pri:3, instance:testpkg.Saucedemologintest@46cdf8bd]" started-at="2024-04-29T09:00:29 IST" name="checkout" finished-at="2024-04-29T09:00:29 IST" duration-ms="68" status="PASS">
          <reporter-output>
          </reporter-output>
        </test-method> <!-- checkout -->
        <test-method signature="info()[pri:4, instance:testpkg.Saucedemologintest@46cdf8bd]" started-at="2024-04-29T09:00:29 IST" name="info" finished-at="2024-04-29T09:00:30 IST" duration-ms="272" status="PASS">
          <reporter-output>
          </reporter-output>
        </test-method> <!-- info -->
        <test-method signature="fini()[pri:5, instance:testpkg.Saucedemologintest@46cdf8bd]" started-at="2024-04-29T09:00:30 IST" name="fini" finished-at="2024-04-29T09:00:30 IST" duration-ms="52" status="PASS">
          <reporter-output>
          </reporter-output>
        </test-method> <!-- fini -->
        <test-method signature="backhome()[pri:6, instance:testpkg.Saucedemologintest@46cdf8bd]" started-at="2024-04-29T09:00:30 IST" name="backhome" finished-at="2024-04-29T09:00:30 IST" duration-ms="55" status="PASS">
          <reporter-output>
          </reporter-output>
        </test-method> <!-- backhome -->
        <test-method signature="burger()[pri:7, instance:testpkg.Saucedemologintest@46cdf8bd]" started-at="2024-04-29T09:00:30 IST" name="burger" finished-at="2024-04-29T09:00:30 IST" duration-ms="63" status="PASS">
          <reporter-output>
          </reporter-output>
        </test-method> <!-- burger -->
        <test-method signature="logout()[pri:8, instance:testpkg.Saucedemologintest@46cdf8bd]" started-at="2024-04-29T09:00:30 IST" name="logout" finished-at="2024-04-29T09:00:30 IST" duration-ms="72" status="PASS">
          <reporter-output>
          </reporter-output>
        </test-method> <!-- logout -->
      </class> <!-- testpkg.Saucedemologintest -->
    </test> <!-- Default test -->
  </suite> <!-- Default suite -->
</testng-results>
